<?xml version="1.0" encoding="UTF-8"?>
<!-- Generated by org.testng.reporters.JUnitReportReporter -->
<testsuite hostname="LAPTOP-VB9FJKNE" failures="0" tests="4" name="outhTwo.tests.Testcase" time="8.927" errors="0" timestamp="2025-03-12T16:41:23 IST" skipped="0">
  <testcase classname="outhTwo.tests.Testcase" name="CreatePlaylist" time="7.537"/>
  <system-out/>
  <testcase classname="outhTwo.tests.Testcase" name="retrivePlayList" time="0.424"/>
  <system-out/>
  <testcase classname="outhTwo.tests.Testcase" name="updatePlayList" time="0.584"/>
  <system-out/>
  <testcase classname="outhTwo.tests.Testcase" name="CreatePlaylistNeg" time="0.382"/>
  <system-out/>
</testsuite> <!-- outhTwo.tests.Testcase -->
